{"level":"info","message":"Express server listening on port 1337","timestamp":"2016-07-21T07:39:47.796Z"}
{"level":"error","message":"Connection error: connect ECONNREFUSED 127.0.0.1:27017","timestamp":"2016-07-21T07:39:48.815Z"}
{"level":"info","message":"Express server listening on port 1337","timestamp":"2016-07-21T07:45:48.399Z"}
{"level":"info","message":"Express server listening on port 1337","timestamp":"2016-07-21T08:02:48.615Z"}
{"level":"info","message":"Express server listening on port 1337","timestamp":"2016-07-21T08:08:36.383Z"}
{"level":"info","message":"Express server listening on port 1337","timestamp":"2016-07-21T08:15:10.714Z"}
{"level":"error","message":"GET 500 config is not defined","timestamp":"2016-07-21T08:15:16.182Z"}
{"level":"error","message":"GET 500 config is not defined","timestamp":"2016-07-21T08:15:49.754Z"}
{"level":"info","message":"Express server listening on port 1337","timestamp":"2016-07-21T08:16:21.207Z"}
{"level":"info","message":"Express server listening on port 1337","timestamp":"2016-07-21T08:31:29.072Z"}
{"level":"info","message":"Express server listening on port 1337","timestamp":"2016-07-21T08:32:26.167Z"}
{"level":"info","message":"Express server listening on port 1337","timestamp":"2016-07-21T08:33:02.141Z"}
{"level":"info","message":"Express server listening on port 1337","timestamp":"2016-07-21T08:34:30.321Z"}
{"level":"info","message":"Express server listening on port 1337","timestamp":"2016-07-21T08:38:08.192Z"}
{"level":"info","message":"Express server listening on port 1337","timestamp":"2016-07-21T08:39:40.131Z"}
{"level":"error","message":"GET 500 Converting circular structure to JSON","timestamp":"2016-07-21T08:39:41.873Z"}
{"level":"error","message":"GET 500 Converting circular structure to JSON","timestamp":"2016-07-21T08:39:46.242Z"}
{"level":"error","message":"GET 500 Converting circular structure to JSON","timestamp":"2016-07-21T08:40:04.333Z"}
{"level":"info","message":"Express server listening on port 1337","timestamp":"2016-07-21T08:40:59.510Z"}
{"level":"info","message":"Express server listening on port 1337","timestamp":"2016-07-21T08:43:07.934Z"}
{"level":"error","message":"GET 500 log is not defined","timestamp":"2016-07-21T08:43:09.261Z"}
{"level":"info","message":"Express server listening on port 1337","timestamp":"2016-07-21T08:46:35.207Z"}
{"level":"error","message":"GET 500 Can't set headers after they are sent.","timestamp":"2016-07-21T08:46:36.109Z"}
{"level":"error","message":"GET 500 Can't set headers after they are sent.","timestamp":"2016-07-21T08:47:51.442Z"}
{"level":"info","message":"Express server listening on port 1337","timestamp":"2016-07-21T08:48:15.492Z"}
{"level":"info","message":"Express server listening on port 1337","timestamp":"2016-07-21T08:55:14.821Z"}
{"level":"error","message":"GET 500 Cannot read property 'destPath' of undefined","timestamp":"2016-07-21T08:55:17.624Z"}
{"level":"info","message":"Express server listening on port 1337","timestamp":"2016-07-21T08:58:11.279Z"}
{"level":"info","message":"Express server listening on port 1337","timestamp":"2016-07-21T08:58:39.544Z"}
{"level":"info","message":"Express server listening on port 1337","timestamp":"2016-07-21T08:59:25.322Z"}
{"level":"info","message":"Express server listening on port 1337","timestamp":"2016-07-21T08:59:47.959Z"}
{"level":"info","message":"Express server listening on port 1337","timestamp":"2016-07-21T09:00:03.508Z"}
{"level":"info","message":"Express server listening on port 1337","timestamp":"2016-07-21T09:04:37.905Z"}
{"level":"info","message":"Express server listening on port 1337","timestamp":"2016-07-21T09:05:42.151Z"}
{"level":"info","message":"Express server listening on port 1337","timestamp":"2016-07-21T09:06:18.024Z"}
{"level":"info","message":"Express server listening on port 1337","timestamp":"2016-07-21T09:06:42.265Z"}
{"level":"info","message":"Express server listening on port 1337","timestamp":"2016-07-21T09:07:13.481Z"}
{"level":"info","message":"Express server listening on port 1337","timestamp":"2016-07-21T09:07:43.160Z"}
{"level":"error","message":"GET 500 ENOENT: no such file or directory, mkdir 'D:\\dev\\workspace_node\\hiveCapture\\data\\123'","timestamp":"2016-07-21T09:07:44.283Z"}
{"level":"info","message":"Express server listening on port 1337","timestamp":"2016-07-21T09:41:05.174Z"}
{"level":"info","message":"Express server listening on port 1337","timestamp":"2016-07-21T09:52:02.308Z"}
{"level":"info","message":"Express server listening on port 1337","timestamp":"2016-07-21T09:53:17.115Z"}
{"level":"info","message":"Express server listening on port 1337","timestamp":"2016-07-21T09:55:46.107Z"}
{"level":"info","message":"Express server listening on port 1337","timestamp":"2016-07-21T09:59:09.244Z"}
{"level":"info","message":"Express server listening on port 1337","timestamp":"2016-07-21T10:00:30.610Z"}
{"level":"info","message":"Express server listening on port 1337","timestamp":"2016-07-22T01:55:26.026Z"}
{"level":"info","message":"Express server listening on port 1337","timestamp":"2016-07-22T01:58:50.448Z"}
{"level":"info","message":"Express server listening on port 1337","timestamp":"2016-07-22T02:13:21.286Z"}
{"level":"info","message":"Express server listening on port 1337","timestamp":"2016-07-22T02:42:26.195Z"}
{"level":"error","message":"GET 500 path.exists is not a function","timestamp":"2016-07-22T02:43:18.183Z"}
{"level":"info","message":"Express server listening on port 1337","timestamp":"2016-07-22T02:45:52.651Z"}
{"level":"error","message":"GET 500 path must be a string","timestamp":"2016-07-22T02:45:55.421Z"}
{"level":"info","message":"Express server listening on port 1337","timestamp":"2016-07-22T02:46:22.046Z"}
{"level":"info","message":"Express server listening on port 1337","timestamp":"2016-07-22T03:21:45.750Z"}
{"level":"info","message":"Express server listening on port 1337","timestamp":"2016-07-22T03:25:41.429Z"}
{"level":"info","message":"Express server listening on port 1337","timestamp":"2016-07-22T03:27:51.513Z"}
{"level":"error","message":"GET 500 img_url is not defined","timestamp":"2016-07-22T03:27:52.474Z"}
{"level":"error","message":"GET 500 img_url is not defined","timestamp":"2016-07-22T03:27:56.628Z"}
{"level":"error","message":"GET 500 img_url is not defined","timestamp":"2016-07-22T03:28:15.437Z"}
{"level":"info","message":"Express server listening on port 1337","timestamp":"2016-07-22T03:28:57.128Z"}
{"level":"info","message":"Express server listening on port 1337","timestamp":"2016-07-22T03:32:10.230Z"}
{"level":"info","message":"Express server listening on port 1337","timestamp":"2016-07-22T05:04:20.709Z"}
{"level":"info","message":"Express server listening on port 1337","timestamp":"2016-07-22T05:06:51.238Z"}
{"level":"info","message":"Express server listening on port 1337","timestamp":"2016-07-22T05:07:18.840Z"}
{"level":"info","message":"Express server listening on port 1337","timestamp":"2016-07-22T05:11:54.000Z"}
{"level":"info","message":"Express server listening on port 1337","timestamp":"2016-07-22T05:12:24.945Z"}
{"level":"info","message":"Express server listening on port 1337","timestamp":"2016-07-22T05:19:25.985Z"}
{"level":"info","message":"Express server listening on port 1337","timestamp":"2016-07-22T05:22:40.503Z"}
{"level":"error","message":"GET 500 Cannot read property 'isDirectory' of undefined","timestamp":"2016-07-22T05:22:43.075Z"}
{"level":"info","message":"Express server listening on port 1337","timestamp":"2016-07-22T05:24:01.607Z"}
{"level":"info","message":"Express server listening on port 1337","timestamp":"2016-07-22T05:27:11.629Z"}
{"level":"info","message":"Express server listening on port 1337","timestamp":"2016-07-22T05:27:59.155Z"}
{"level":"info","message":"Express server listening on port 1337","timestamp":"2016-07-22T05:30:13.208Z"}
{"level":"info","message":"Express server listening on port 1337","timestamp":"2016-07-22T05:31:45.867Z"}
{"level":"info","message":"Express server listening on port 1337","timestamp":"2016-07-22T05:50:14.340Z"}
{"level":"info","message":"Express server listening on port 1337","timestamp":"2016-07-22T08:38:27.582Z"}
{"level":"info","message":"Express server listening on port 1337","timestamp":"2016-07-25T05:03:31.078Z"}
{"level":"info","message":"Express server listening on port 1337","timestamp":"2016-07-25T05:06:02.060Z"}
{"level":"info","message":"Express server listening on port 1337","timestamp":"2016-07-25T05:06:24.201Z"}
{"level":"info","message":"Express server listening on port 1337","timestamp":"2016-07-25T05:07:35.267Z"}
{"level":"info","message":"Express server listening on port 1337","timestamp":"2016-07-25T05:08:02.249Z"}
{"level":"info","message":"Express server listening on port 1337","timestamp":"2016-07-25T05:09:01.464Z"}
{"level":"info","message":"Express server listening on port 1337","timestamp":"2016-07-25T05:11:35.221Z"}
{"level":"error","message":"GET 500 countErr is not defined","timestamp":"2016-07-25T05:11:36.469Z"}
{"level":"info","message":"Express server listening on port 1337","timestamp":"2016-07-25T05:12:09.182Z"}
{"level":"info","message":"Express server listening on port 1337","timestamp":"2016-07-25T05:12:33.028Z"}
{"level":"info","message":"Express server listening on port 1337","timestamp":"2016-07-25T05:13:16.973Z"}
{"level":"info","message":"Express server listening on port 1337","timestamp":"2016-07-25T05:13:51.797Z"}
{"level":"info","message":"Express server listening on port 1337","timestamp":"2016-07-25T05:15:10.250Z"}
{"level":"info","message":"Express server listening on port 1337","timestamp":"2016-07-25T05:17:13.444Z"}
{"level":"info","message":"Express server listening on port 1337","timestamp":"2016-07-25T05:17:39.854Z"}
{"level":"info","message":"Express server listening on port 1337","timestamp":"2016-07-25T05:19:40.782Z"}
{"level":"info","message":"Express server listening on port 1337","timestamp":"2016-07-25T05:21:20.026Z"}
{"level":"error","message":"GET 500 Converting circular structure to JSON","timestamp":"2016-07-25T05:21:24.334Z"}
{"level":"info","message":"Express server listening on port 1337","timestamp":"2016-07-25T05:22:15.286Z"}
{"level":"info","message":"Express server listening on port 1337","timestamp":"2016-07-25T05:26:01.503Z"}
{"level":"info","message":"Express server listening on port 1337","timestamp":"2016-07-25T05:28:44.147Z"}
{"level":"info","message":"Express server listening on port 1337","timestamp":"2016-07-25T05:34:28.421Z"}
{"level":"info","message":"Express server listening on port 1337","timestamp":"2016-07-25T05:35:12.493Z"}
{"level":"info","message":"Express server listening on port 1337","timestamp":"2016-07-25T05:58:55.487Z"}
{"level":"error","message":"GET 500 arg1 is not defined","timestamp":"2016-07-25T05:59:24.647Z"}
{"level":"info","message":"Express server listening on port 1337","timestamp":"2016-07-25T06:00:02.797Z"}
{"level":"info","message":"Express server listening on port 1337","timestamp":"2016-07-25T06:00:42.990Z"}
{"level":"info","message":"Express server listening on port 1337","timestamp":"2016-07-25T06:04:07.006Z"}
{"level":"info","message":"Express server listening on port 1337","timestamp":"2016-07-25T06:04:43.005Z"}
{"level":"info","message":"Express server listening on port 1337","timestamp":"2016-07-25T06:05:08.104Z"}
{"level":"info","message":"Express server listening on port 1337","timestamp":"2016-07-25T06:07:40.675Z"}
{"level":"info","message":"Express server listening on port 1337","timestamp":"2016-07-25T06:11:21.719Z"}
{"level":"info","message":"Express server listening on port 1337","timestamp":"2016-07-25T06:11:54.288Z"}
{"level":"info","message":"Express server listening on port 1337","timestamp":"2016-07-26T02:26:02.830Z"}
{"level":"info","message":"Express server listening on port 1337","timestamp":"2016-07-26T02:30:25.280Z"}
{"level":"info","message":"Express server listening on port 1337","timestamp":"2016-07-26T02:30:58.663Z"}
{"level":"info","message":"Express server listening on port 1337","timestamp":"2016-07-26T02:31:46.421Z"}
{"level":"info","message":"Express server listening on port 1337","timestamp":"2016-07-26T02:35:32.408Z"}
{"level":"info","message":"Express server listening on port 1337","timestamp":"2016-07-26T02:37:17.340Z"}
{"level":"info","message":"Express server listening on port 1337","timestamp":"2016-07-26T02:37:54.948Z"}
{"level":"info","message":"Express server listening on port 1337","timestamp":"2016-07-26T02:38:28.596Z"}
{"level":"info","message":"Express server listening on port 1337","timestamp":"2016-07-26T02:41:20.103Z"}
{"level":"info","message":"Express server listening on port 1337","timestamp":"2016-07-26T02:42:25.495Z"}
{"level":"info","message":"Express server listening on port 1337","timestamp":"2016-07-26T02:43:16.355Z"}
{"level":"info","message":"Express server listening on port 1337","timestamp":"2016-07-26T02:44:48.726Z"}
{"level":"info","message":"Express server listening on port 1337","timestamp":"2016-07-26T02:45:35.883Z"}
{"level":"info","message":"Express server listening on port 1337","timestamp":"2016-07-26T02:46:04.219Z"}
{"level":"info","message":"Express server listening on port 1337","timestamp":"2016-07-26T02:58:06.465Z"}
{"level":"error","message":"GET 500 webpage.create is not a function","timestamp":"2016-07-26T02:58:21.037Z"}
{"level":"info","message":"Express server listening on port 1337","timestamp":"2016-07-26T03:01:06.191Z"}
{"level":"error","message":"GET 500 webpage.create is not a function","timestamp":"2016-07-26T03:01:10.572Z"}
{"level":"info","message":"Express server listening on port 1337","timestamp":"2016-07-26T03:11:49.200Z"}
{"level":"error","message":"GET 500 phantom.create is not a function","timestamp":"2016-07-26T03:11:53.029Z"}
{"level":"info","message":"Express server listening on port 1337","timestamp":"2016-07-26T03:12:57.475Z"}
{"level":"info","message":"Express server listening on port 1337","timestamp":"2016-07-26T03:15:48.544Z"}
{"level":"info","message":"Express server listening on port 1337","timestamp":"2016-07-26T03:23:03.425Z"}
{"level":"info","message":"Express server listening on port 1337","timestamp":"2016-07-26T03:25:01.747Z"}
{"level":"info","message":"Express server listening on port 1337","timestamp":"2016-07-26T03:25:17.107Z"}
{"level":"info","message":"Express server listening on port 1337","timestamp":"2016-07-26T03:26:16.258Z"}
{"level":"info","message":"Express server listening on port 1337","timestamp":"2016-07-26T04:58:40.974Z"}
{"level":"info","message":"Express server listening on port 1337","timestamp":"2016-07-26T05:03:04.493Z"}
{"level":"info","message":"Express server listening on port 1337","timestamp":"2016-07-26T05:03:43.206Z"}
{"level":"info","message":"Express server listening on port 1337","timestamp":"2016-07-26T05:04:29.100Z"}
{"level":"info","message":"Express server listening on port 1337","timestamp":"2016-07-26T05:08:41.924Z"}
{"level":"info","message":"Express server listening on port 1337","timestamp":"2016-07-26T05:11:39.590Z"}
{"level":"info","message":"Express server listening on port 1337","timestamp":"2016-07-26T05:16:29.266Z"}
{"level":"info","message":"Express server listening on port 1337","timestamp":"2016-07-26T05:17:09.089Z"}
{"level":"info","message":"Express server listening on port 1337","timestamp":"2016-07-26T05:25:12.029Z"}
{"level":"info","message":"Express server listening on port 1337","timestamp":"2016-07-26T05:26:14.154Z"}
{"level":"info","message":"Express server listening on port 1337","timestamp":"2016-07-26T05:28:52.499Z"}
{"level":"info","message":"Express server listening on port 1337","timestamp":"2016-07-26T05:30:41.341Z"}
{"level":"info","message":"Express server listening on port 1337","timestamp":"2016-07-26T05:31:23.049Z"}
{"level":"info","message":"Express server listening on port 1337","timestamp":"2016-07-26T05:32:46.082Z"}
{"level":"info","message":"Express server listening on port 1337","timestamp":"2016-07-26T05:34:51.839Z"}
{"level":"error","message":"GET 500 page.open is not a function","timestamp":"2016-07-26T05:34:54.348Z"}
{"level":"info","message":"Express server listening on port 1337","timestamp":"2016-07-26T05:35:44.617Z"}
{"level":"error","message":"GET 500 instance.createPage is not a function","timestamp":"2016-07-26T05:35:45.248Z"}
{"level":"info","message":"Express server listening on port 1337","timestamp":"2016-07-26T05:36:50.997Z"}
{"level":"info","message":"Express server listening on port 1337","timestamp":"2016-07-26T05:37:11.046Z"}
{"level":"error","message":"GET 500 page.open is not a function","timestamp":"2016-07-26T05:37:11.635Z"}
{"level":"info","message":"Express server listening on port 1337","timestamp":"2016-07-26T05:39:35.123Z"}
{"level":"info","message":"Express server listening on port 1337","timestamp":"2016-07-26T05:42:40.137Z"}
{"level":"info","message":"Express server listening on port 1337","timestamp":"2016-07-26T05:43:00.314Z"}
{"level":"info","message":"Express server listening on port 1337","timestamp":"2016-07-26T05:44:17.829Z"}
{"level":"info","message":"Express server listening on port 1337","timestamp":"2016-07-26T05:46:23.379Z"}
{"level":"info","message":"Express server listening on port 1337","timestamp":"2016-07-26T05:47:34.615Z"}
{"level":"info","message":"Express server listening on port 1337","timestamp":"2016-07-26T05:52:02.280Z"}
{"level":"info","message":"Express server listening on port 1337","timestamp":"2016-07-26T05:53:03.919Z"}
{"level":"info","message":"Express server listening on port 1337","timestamp":"2016-07-26T05:55:30.209Z"}
{"level":"info","message":"Express server listening on port 1337","timestamp":"2016-07-26T05:56:29.140Z"}
{"level":"info","message":"Express server listening on port 1337","timestamp":"2016-07-26T05:57:43.157Z"}
{"level":"info","message":"Express server listening on port 1337","timestamp":"2016-07-26T05:58:18.317Z"}
{"level":"info","message":"Express server listening on port 1337","timestamp":"2016-07-26T05:59:28.465Z"}
{"level":"info","message":"Express server listening on port 1337","timestamp":"2016-07-26T06:12:47.781Z"}
{"level":"info","message":"Express server listening on port 1337","timestamp":"2016-07-26T06:14:37.168Z"}
{"level":"info","message":"Express server listening on port 1337","timestamp":"2016-07-26T06:21:44.934Z"}
{"level":"info","message":"Express server listening on port 1337","timestamp":"2016-07-26T06:26:24.074Z"}
{"level":"info","message":"Express server listening on port 1337","timestamp":"2016-07-26T06:33:09.619Z"}
{"level":"info","message":"Express server listening on port 1337","timestamp":"2016-07-26T06:34:05.764Z"}
{"level":"info","message":"Express server listening on port 1337","timestamp":"2016-07-26T06:35:49.417Z"}
{"level":"info","message":"Express server listening on port 1337","timestamp":"2016-07-26T06:37:29.640Z"}
{"level":"info","message":"Express server listening on port 1337","timestamp":"2016-07-26T06:43:50.566Z"}
{"level":"info","message":"Express server listening on port 1337","timestamp":"2016-07-26T06:46:16.187Z"}
{"level":"info","message":"Express server listening on port 1337","timestamp":"2016-07-26T06:49:12.560Z"}
{"level":"info","message":"Express server listening on port 1337","timestamp":"2016-07-26T06:50:26.037Z"}
